<?xml version="1.0" encoding="UTF-8"?>
<!-- Generated by org.testng.reporters.JUnitReportReporter -->
<testsuite hostname="DESKTOP-H3SNJHA" failures="0" tests="1" name="com.symbion.testcases.ShopProductOrderingPageTest" time="78.602" errors="0" timestamp="2021-04-19T18:22:10 IST" skipped="0">
  <testcase classname="com.symbion.testcases.ShopProductOrderingPageTest" name="OrderingSelection" time="78.602"/>
  <system-out/>
</testsuite> <!-- com.symbion.testcases.ShopProductOrderingPageTest -->
